<?xml version="1.0" encoding="UTF-8"?>
<testsuite xmlns:xsi="http://www.w3.org/2001/XMLSchema-instance" xsi:noNamespaceSchemaLocation="https://maven.apache.org/surefire/maven-surefire-plugin/xsd/surefire-test-report.xsd" name="org.dsvtojsonlconverter.DSVToJSONLConverterTest" time="0.161" tests="10" errors="0" skipped="0" failures="0">
  <properties>
    <property name="gopherProxySet" value="false"/>
    <property name="awt.toolkit" value="sun.lwawt.macosx.LWCToolkit"/>
    <property name="java.specification.version" value="11"/>
    <property name="sun.cpu.isalist" value=""/>
    <property name="sun.jnu.encoding" value="UTF-8"/>
    <property name="java.class.path" value="/Users/umang/Desktop/umang/assignment/DSVToJSONLConverter/target/test-classes:/Users/umang/Desktop/umang/assignment/DSVToJSONLConverter/target/classes:/Users/umang/.m2/repository/org/json/json/20220924/json-20220924.jar:/Users/umang/.m2/repository/org/junit/jupiter/junit-jupiter-api/5.9.2/junit-jupiter-api-5.9.2.jar:/Users/umang/.m2/repository/org/opentest4j/opentest4j/1.2.0/opentest4j-1.2.0.jar:/Users/umang/.m2/repository/org/junit/platform/junit-platform-commons/1.9.2/junit-platform-commons-1.9.2.jar:/Users/umang/.m2/repository/org/apiguardian/apiguardian-api/1.1.2/apiguardian-api-1.1.2.jar:/Users/umang/.m2/repository/org/junit/jupiter/junit-jupiter-engine/5.9.2/junit-jupiter-engine-5.9.2.jar:/Users/umang/.m2/repository/org/junit/platform/junit-platform-engine/1.9.2/junit-platform-engine-1.9.2.jar:"/>
    <property name="java.vm.vendor" value="Homebrew"/>
    <property name="sun.arch.data.model" value="64"/>
    <property name="java.vendor.url" value="https://github.com/Homebrew/homebrew-core/issues"/>
    <property name="user.timezone" value=""/>
    <property name="java.vm.specification.version" value="11"/>
    <property name="os.name" value="Mac OS X"/>
    <property name="sun.java.launcher" value="SUN_STANDARD"/>
    <property name="user.country" value="IN"/>
    <property name="sun.boot.library.path" value="/opt/homebrew/Cellar/openjdk@11/11.0.15/libexec/openjdk.jdk/Contents/Home/lib"/>
    <property name="sun.java.command" value="/Users/umang/Desktop/umang/assignment/DSVToJSONLConverter/target/surefire/surefirebooter3622774387771543795.jar /Users/umang/Desktop/umang/assignment/DSVToJSONLConverter/target/surefire 2023-02-13T12-59-39_705-jvmRun1 surefire15530305334023287613tmp surefire_018295837366662551424tmp"/>
    <property name="http.nonProxyHosts" value="Server: 127.0.0.1|*.Server: 127.0.0.1|Port: 8888|*.Port: 8888|Authenticated Proxy Enabled: 0|*.Authenticated Proxy Enabled: 0"/>
    <property name="jdk.debug" value="release"/>
    <property name="surefire.test.class.path" value="/Users/umang/Desktop/umang/assignment/DSVToJSONLConverter/target/test-classes:/Users/umang/Desktop/umang/assignment/DSVToJSONLConverter/target/classes:/Users/umang/.m2/repository/org/json/json/20220924/json-20220924.jar:/Users/umang/.m2/repository/org/junit/jupiter/junit-jupiter-api/5.9.2/junit-jupiter-api-5.9.2.jar:/Users/umang/.m2/repository/org/opentest4j/opentest4j/1.2.0/opentest4j-1.2.0.jar:/Users/umang/.m2/repository/org/junit/platform/junit-platform-commons/1.9.2/junit-platform-commons-1.9.2.jar:/Users/umang/.m2/repository/org/apiguardian/apiguardian-api/1.1.2/apiguardian-api-1.1.2.jar:/Users/umang/.m2/repository/org/junit/jupiter/junit-jupiter-engine/5.9.2/junit-jupiter-engine-5.9.2.jar:/Users/umang/.m2/repository/org/junit/platform/junit-platform-engine/1.9.2/junit-platform-engine-1.9.2.jar:"/>
    <property name="sun.cpu.endian" value="little"/>
    <property name="user.home" value="/Users/umang"/>
    <property name="user.language" value="en"/>
    <property name="java.specification.vendor" value="Oracle Corporation"/>
    <property name="java.version.date" value="2022-04-19"/>
    <property name="java.home" value="/opt/homebrew/Cellar/openjdk@11/11.0.15/libexec/openjdk.jdk/Contents/Home"/>
    <property name="file.separator" value="/"/>
    <property name="basedir" value="/Users/umang/Desktop/umang/assignment/DSVToJSONLConverter"/>
    <property name="java.vm.compressedOopsMode" value="Zero based"/>
    <property name="line.separator" value="&#10;"/>
    <property name="java.specification.name" value="Java Platform API Specification"/>
    <property name="java.vm.specification.vendor" value="Oracle Corporation"/>
    <property name="java.awt.graphicsenv" value="sun.awt.CGraphicsEnvironment"/>
    <property name="surefire.real.class.path" value="/Users/umang/Desktop/umang/assignment/DSVToJSONLConverter/target/surefire/surefirebooter3622774387771543795.jar"/>
    <property name="sun.management.compiler" value="HotSpot 64-Bit Tiered Compilers"/>
    <property name="ftp.nonProxyHosts" value="Server: 127.0.0.1|*.Server: 127.0.0.1|Port: 8888|*.Port: 8888|Authenticated Proxy Enabled: 0|*.Authenticated Proxy Enabled: 0"/>
    <property name="java.runtime.version" value="11.0.15+0"/>
    <property name="user.name" value="umang"/>
    <property name="path.separator" value=":"/>
    <property name="os.version" value="13.0"/>
    <property name="java.runtime.name" value="OpenJDK Runtime Environment"/>
    <property name="file.encoding" value="US-ASCII"/>
    <property name="java.vm.name" value="OpenJDK 64-Bit Server VM"/>
    <property name="java.vendor.version" value="Homebrew"/>
    <property name="localRepository" value="/Users/umang/.m2/repository"/>
    <property name="java.vendor.url.bug" value="https://github.com/Homebrew/homebrew-core/issues"/>
    <property name="java.io.tmpdir" value="/var/folders/6k/1mq2y55s6r7fqbxlt1mf4xgh0000gn/T/"/>
    <property name="java.version" value="11.0.15"/>
    <property name="user.dir" value="/Users/umang/Desktop/umang/assignment/DSVToJSONLConverter"/>
    <property name="os.arch" value="aarch64"/>
    <property name="java.vm.specification.name" value="Java Virtual Machine Specification"/>
    <property name="java.awt.printerjob" value="sun.lwawt.macosx.CPrinterJob"/>
    <property name="sun.os.patch.level" value="unknown"/>
    <property name="java.library.path" value="/Users/umang/Library/Java/Extensions:/Library/Java/Extensions:/Network/Library/Java/Extensions:/System/Library/Java/Extensions:/usr/lib/java:."/>
    <property name="java.vm.info" value="mixed mode"/>
    <property name="java.vendor" value="Homebrew"/>
    <property name="java.vm.version" value="11.0.15+0"/>
    <property name="sun.io.unicode.encoding" value="UnicodeBig"/>
    <property name="java.class.version" value="55.0"/>
    <property name="socksNonProxyHosts" value="Server: 127.0.0.1|*.Server: 127.0.0.1|Port: 8888|*.Port: 8888|Authenticated Proxy Enabled: 0|*.Authenticated Proxy Enabled: 0"/>
  </properties>
  <testcase name="testConvertToDate" classname="org.dsvtojsonlconverter.DSVToJSONLConverterTest" time="0.099"/>
  <testcase name="testIsDoubleFail" classname="org.dsvtojsonlconverter.DSVToJSONLConverterTest" time="0.001"/>
  <testcase name="testIsDouble" classname="org.dsvtojsonlconverter.DSVToJSONLConverterTest" time="0.001"/>
  <testcase name="testMainMethodWithValidArguments" classname="org.dsvtojsonlconverter.DSVToJSONLConverterTest" time="0.028"/>
  <testcase name="testSplitLine" classname="org.dsvtojsonlconverter.DSVToJSONLConverterTest" time="0.002"/>
  <testcase name="testIsIntegerFail" classname="org.dsvtojsonlconverter.DSVToJSONLConverterTest" time="0.001"/>
  <testcase name="testIsDate" classname="org.dsvtojsonlconverter.DSVToJSONLConverterTest" time="0"/>
  <testcase name="testSplitLineFail" classname="org.dsvtojsonlconverter.DSVToJSONLConverterTest" time="0.002"/>
  <testcase name="testMainMethodWithLessNumberOfArguments" classname="org.dsvtojsonlconverter.DSVToJSONLConverterTest" time="0.003"/>
  <testcase name="testIsInteger" classname="org.dsvtojsonlconverter.DSVToJSONLConverterTest" time="0"/>
</testsuite>